; Top Design: "MyLibrary_lib:cell_1:schematic"
; Netlisted using Hierarchy Policy: "Standard"

Options ResourceUsage=yes UseNutmegFormat=no EnableOptim=no TopDesignName="MyLibrary_lib:cell_1:schematic" DcopOutputNodeVoltages=yes DcopOutputPinCurrents=yes DcopOutputAllSweepPoints=no DcopOutputDcopType=0
model MSub1 MSUB H=20 mil Er=3.66 Mur=1 Cond=1.0E+50 Hu=1e+33 mm T=35 um TanD=0.003 Rough=0 mil DielectricLossModel=1 FreqForEpsrTanD=1.0 GHz LowFreqForTanD=1.0 kHz HighFreqForTanD=1.0 THz RoughnessModel=2 
MLIN2:TL2  N__20 N__11 Subst="MSub1" W=1.83207 mm L=12.44 mm Wall1=1.0E+30 mil Wall2=1.0E+30 mil Mod=1 
MLIN2:TL1  N__27 N__21 Subst="MSub1" W=1.074560 mm L=12.766400 mm Wall1=1.0E+30 mil Wall2=1.0E+30 mil Mod=1 
MLIN2:TL3  N__9 N__23 Subst="MSub1" W=1.074560 mm L=12.766400 mm Wall1=1.0E+30 mil Wall2=1.0E+30 mil Mod=1 
MLIN2:TL4  N__1 N__25 Subst="MSub1" W=1.83207 mm L=12.44 mm Wall1=1.0E+30 mil Wall2=1.0E+30 mil Mod=1 
MLIN2:TL5  N__26 N__8 Subst="MSub1" W=1.074560 mm L=12.766400 mm Wall1=1.0E+30 mil Wall2=1.0E+30 mil Mod=1 
MLIN2:TL6  N__4 N__16 Subst="MSub1" W=1.074560 mm L=12.766400 mm Wall1=1.0E+30 mil Wall2=1.0E+30 mil Mod=1 
MLIN2:TL7  N__5 N__24 Subst="MSub1" W=1.074560 mm L=12.766400 mm Wall1=1.0E+30 mil Wall2=1.0E+30 mil Mod=1 
MLIN2:TL8  N__6 N__22 Subst="MSub1" W=1.074560 mm L=12.766400 mm Wall1=1.0E+30 mil Wall2=1.0E+30 mil Mod=1 
Port:TermG4  N__6 0 Num=4 Z=50 Ohm Noise=yes 
Port:TermG3  N__16 0 Num=3 Z=50 Ohm Noise=yes 
Port:TermG2  N__8 0 Num=2 Z=50 Ohm Noise=yes 
Port:TermG1  N__5 0 Num=1 Z=50 Ohm Noise=yes 
MTEE_ADS:Tee1  N__26 N__1 N__27 Subst="MSub1" W1=1.07456 mm W2=1.83207 mm W3=1.07456 mm 
MTEE_ADS:Tee2  N__25 N__24 N__9 Subst="MSub1" W1=1.83207 mm W2=1.07456 mm W3=1.07456 mm 
MTEE_ADS:Tee3  N__22 N__11 N__23 Subst="MSub1" W1=1.074560 mm W2=1.83207 mm W3=1.074560 mm 
MTEE_ADS:Tee4  N__20 N__4 N__21 Subst="MSub1" W1=1.83207 mm W2=1.07456 mm W3=1.07456 mm 
S_Param:SP1 CalcS=yes CalcY=no CalcZ=no GroupDelayAperture=1e-4 FreqConversion=no FreqConversionPort=1 StatusLevel=2 CalcNoise=no SortNoise=0 BandwidthForNoise=1.0 Hz DevOpPtLevel=0 \
SweepVar="freq" SweepPlan="SP1_stim" OutputPlan="SP1_Output" 

SweepPlan: SP1_stim Start=2.5 GHz Stop=4.5 GHz Step=10 MHz 

OutputPlan:SP1_Output \
      Type="Output" \
      UseEquationNestLevel=yes \
      EquationNestLevel=2 \
      UseSavedEquationNestLevel=yes \
      SavedEquationNestLevel=2

#load "python","LinearCollapse"
Component Module="LinearCollapse" Type="ModelExtractor" NetworkRepresentation=2
